==========logic start==========
-----ファイル出力 開始-----
CSVファイル読込：C:\Users\sugaw\Documents\MakeIMEIListAndCheck\res\本番中端末(2136).csv
本番中端末.csvの不要カラムを除去
CSVファイル読込：C:\Users\sugaw\Documents\MakeIMEIListAndCheck\res\license_info.csv
出力ファイル作成
-----ファイル出力 完了-----
-----チェック 開始-----
CSVファイル読込：C:\Users\sugaw\Documents\MakeIMEIListAndCheck\output\IMEI一覧.csv
csvの内容からIMEIのみを抽出
CSVファイル読込：C:\Users\sugaw\Documents\MakeIMEIListAndCheck\res\本番中端末(2136).csv
csvの内容からIMEIのみを抽出
CSVファイル読込：C:\Users\sugaw\Documents\MakeIMEIListAndCheck\res\license_info.csv
csvの内容からIMEIのみを抽出
OK IMEI一覧のIMEIがlicense_info.csvに含まれていません
OK license_info.csvのIMEIはIMEI一覧.csvに含まれていせん
OK 本番中端末.csvのIMEIのうち、IMEI一覧に含まれているものはlicense_infoに含まれていせん 
-----チェック終了-----
==========logic end==========
==========logic start==========
-----ファイル出力 開始-----
CSVファイル読込：C:\Users\sugaw\Documents\MakeIMEIListAndCheck\res\本番中端末(2136).csv
本番中端末.csvの不要カラムを除去
CSVファイル読込：C:\Users\sugaw\Documents\MakeIMEIListAndCheck\res\license_info.csv
出力ファイル作成
-----ファイル出力 完了-----
-----チェック 開始-----
CSVファイル読込：C:\Users\sugaw\Documents\MakeIMEIListAndCheck\output\IMEI一覧.csv
csvの内容からIMEIのみを抽出
CSVファイル読込：C:\Users\sugaw\Documents\MakeIMEIListAndCheck\res\本番中端末(2136).csv
csvの内容からIMEIのみを抽出
CSVファイル読込：C:\Users\sugaw\Documents\MakeIMEIListAndCheck\res\license_info.csv
csvの内容からIMEIのみを抽出
OK IMEI一覧のIMEIがlicense_info.csvに含まれていません
OK license_info.csvのIMEIはIMEI一覧.csvに含まれていせん
OK 本番中端末.csvのIMEIのうち、IMEI一覧に含まれているものはlicense_infoに含まれていせん 
-----チェック終了-----
==========logic end==========
==========logic start==========
-----ファイル出力 開始-----
CSVファイル読込：C:\Users\sugaw\Documents\MakeIMEIListAndCheck\res\本番中端末(2136).csv
本番中端末.csvの不要カラムを除去
CSVファイル読込：C:\Users\sugaw\Documents\MakeIMEIListAndCheck\res\license_info.csv
出力ファイル作成
-----ファイル出力 完了-----
-----チェック 開始-----
CSVファイル読込：C:\Users\sugaw\Documents\MakeIMEIListAndCheck\output\IMEI一覧.csv
csvの内容からIMEIのみを抽出
CSVファイル読込：C:\Users\sugaw\Documents\MakeIMEIListAndCheck\res\本番中端末(2136).csv
csvの内容からIMEIのみを抽出
CSVファイル読込：C:\Users\sugaw\Documents\MakeIMEIListAndCheck\res\license_info.csv
csvの内容からIMEIのみを抽出
OK IMEI一覧のIMEIがlicense_info.csvに含まれていません
OK license_info.csvのIMEIはIMEI一覧.csvに含まれていせん
OK 本番中端末.csvのIMEIのうち、IMEI一覧に含まれているものはlicense_infoに含まれていせん 
-----チェック終了-----
==========logic end==========
==========logic start==========
-----ファイル出力 開始-----
CSVファイル読込：C:\Users\sugaw\Documents\MakeIMEIListAndCheck\res\本番中端末(2136).csv
本番中端末.csvの不要カラムを除去
CSVファイル読込：C:\Users\sugaw\Documents\MakeIMEIListAndCheck\res\license_info.csv
出力ファイル作成
-----ファイル出力 完了-----
-----チェック 開始-----
CSVファイル読込：C:\Users\sugaw\Documents\MakeIMEIListAndCheck\output\IMEI一覧.csv
csvの内容からIMEIのみを抽出
CSVファイル読込：C:\Users\sugaw\Documents\MakeIMEIListAndCheck\res\本番中端末(2136).csv
csvの内容からIMEIのみを抽出
CSVファイル読込：C:\Users\sugaw\Documents\MakeIMEIListAndCheck\res\license_info.csv
csvの内容からIMEIのみを抽出
OK IMEI一覧のIMEIがlicense_info.csvに含まれていません
OK license_info.csvのIMEIはIMEI一覧.csvに含まれていせん
OK 本番中端末.csvのIMEIのうち、IMEI一覧に含まれているものはlicense_infoに含まれていせん 
-----チェック終了-----
==========logic start==========
-----ファイル出力 開始-----
CSVファイル読込：C:\Users\sugaw\Documents\MakeIMEIListAndCheck\res\本番中端末(2136).csv
本番中端末.csvの不要カラムを除去
CSVファイル読込：C:\Users\sugaw\Documents\MakeIMEIListAndCheck\res\license_info.csv
出力ファイル作成
-----ファイル出力 完了-----
-----チェック 開始-----
CSVファイル読込：C:\Users\sugaw\Documents\MakeIMEIListAndCheck\output\IMEI一覧.csv
csvの内容からIMEIのみを抽出
CSVファイル読込：C:\Users\sugaw\Documents\MakeIMEIListAndCheck\res\本番中端末(2136).csv
csvの内容からIMEIのみを抽出
CSVファイル読込：C:\Users\sugaw\Documents\MakeIMEIListAndCheck\res\license_info.csv
csvの内容からIMEIのみを抽出
OK IMEI一覧のIMEIがlicense_info.csvに含まれていません
OK license_info.csvのIMEIはIMEI一覧.csvに含まれていせん
OK 本番中端末.csvのIMEIのうち、IMEI一覧に含まれているものはlicense_infoに含まれていせん 
-----チェック終了-----
==========logic start==========
-----ファイル出力 開始-----
CSVファイル読込：C:\Users\sugaw\Documents\MakeIMEIListAndCheck\res\本番中端末(2136).csv
本番中端末.csvの不要カラムを除去
CSVファイル読込：C:\Users\sugaw\Documents\MakeIMEIListAndCheck\res\license_info.csv
出力ファイル作成
-----ファイル出力 完了-----
-----チェック 開始-----
CSVファイル読込：C:\Users\sugaw\Documents\MakeIMEIListAndCheck\output\IMEI一覧.csv
csvの内容からIMEIのみを抽出
CSVファイル読込：C:\Users\sugaw\Documents\MakeIMEIListAndCheck\res\本番中端末(2136).csv
csvの内容からIMEIのみを抽出
CSVファイル読込：C:\Users\sugaw\Documents\MakeIMEIListAndCheck\res\license_info.csv
csvの内容からIMEIのみを抽出
OK IMEI一覧のIMEIがlicense_info.csvに含まれていません
OK license_info.csvのIMEIはIMEI一覧.csvに含まれていせん
OK 本番中端末.csvのIMEIのうち、IMEI一覧に含まれているものはlicense_infoに含まれていせん 
-----チェック終了-----
==========logic start==========
-----ファイル出力 開始-----
CSVファイル読込：C:\Users\sugaw\Documents\MakeIMEIListAndCheck\res\本番中端末(2136).csv
本番中端末.csvの不要カラムを除去
CSVファイル読込：C:\Users\sugaw\Documents\MakeIMEIListAndCheck\res\license_info.csv
出力ファイル作成
-----ファイル出力 完了-----
-----チェック 開始-----
CSVファイル読込：C:\Users\sugaw\Documents\MakeIMEIListAndCheck\output\IMEI一覧.csv
csvの内容からIMEIのみを抽出
CSVファイル読込：C:\Users\sugaw\Documents\MakeIMEIListAndCheck\res\本番中端末(2136).csv
csvの内容からIMEIのみを抽出
CSVファイル読込：C:\Users\sugaw\Documents\MakeIMEIListAndCheck\res\license_info.csv
csvの内容からIMEIのみを抽出
OK IMEI一覧のIMEIがlicense_info.csvに含まれていません
OK license_info.csvのIMEIはIMEI一覧.csvに含まれていせん
OK 本番中端末.csvのIMEIのうち、IMEI一覧に含まれているものはlicense_infoに含まれていせん 
-----チェック終了-----
==========logic start==========
-----ファイル出力 開始-----
CSVファイル読込：C:\Users\sugaw\Documents\MakeIMEIListAndCheck\res\本番中端末(2136).csv
本番中端末.csvの不要カラムを除去
CSVファイル読込：C:\Users\sugaw\Documents\MakeIMEIListAndCheck\res\license_info.csv
出力ファイル作成
-----ファイル出力 完了-----
-----チェック 開始-----
CSVファイル読込：C:\Users\sugaw\Documents\MakeIMEIListAndCheck\output\IMEI一覧.csv
csvの内容からIMEIのみを抽出
CSVファイル読込：C:\Users\sugaw\Documents\MakeIMEIListAndCheck\res\本番中端末(2136).csv
csvの内容からIMEIのみを抽出
CSVファイル読込：C:\Users\sugaw\Documents\MakeIMEIListAndCheck\res\license_info.csv
csvの内容からIMEIのみを抽出
OK IMEI一覧のIMEIがlicense_info.csvに含まれていません
OK license_info.csvのIMEIはIMEI一覧.csvに含まれていせん
OK 本番中端末.csvのIMEIのうち、IMEI一覧に含まれているものはlicense_infoに含まれていせん 
-----チェック終了-----
==========logic end==========
==========logic start==========
-----ファイル出力 開始-----
CSVファイル読込：C:\Users\sugaw\Documents\MakeIMEIListAndCheck\res\本番中端末(2136).csv
本番中端末.csvの不要カラムを除去
CSVファイル読込：C:\Users\sugaw\Documents\MakeIMEIListAndCheck\res\license_info.csv
出力ファイル作成
-----ファイル出力 完了-----
-----チェック 開始-----
CSVファイル読込：C:\Users\sugaw\Documents\MakeIMEIListAndCheck\output\IMEI一覧.csv
csvの内容からIMEIのみを抽出
CSVファイル読込：C:\Users\sugaw\Documents\MakeIMEIListAndCheck\res\本番中端末(2136).csv
csvの内容からIMEIのみを抽出
CSVファイル読込：C:\Users\sugaw\Documents\MakeIMEIListAndCheck\res\license_info.csv
csvの内容からIMEIのみを抽出
OK IMEI一覧のIMEIがlicense_info.csvに含まれていません
OK license_info.csvのIMEIはIMEI一覧.csvに含まれていせん
OK 本番中端末.csvのIMEIのうち、IMEI一覧に含まれているものはlicense_infoに含まれていせん 
-----チェック終了-----
==========logic end==========
==========logic start==========
-----ファイル出力 開始-----
CSVファイル読込：C:\Users\sugaw\Documents\MakeIMEIListAndCheck\res\本番中端末(2136).csv
本番中端末.csvの不要カラムを除去
CSVファイル読込：C:\Users\sugaw\Documents\MakeIMEIListAndCheck\res\license_info.csv
出力ファイル作成
-----ファイル出力 完了-----
-----チェック 開始-----
CSVファイル読込：C:\Users\sugaw\Documents\MakeIMEIListAndCheck\output\IMEI一覧.csv
csvの内容からIMEIのみを抽出
CSVファイル読込：C:\Users\sugaw\Documents\MakeIMEIListAndCheck\res\本番中端末(2136).csv
csvの内容からIMEIのみを抽出
CSVファイル読込：C:\Users\sugaw\Documents\MakeIMEIListAndCheck\res\license_info.csv
csvの内容からIMEIのみを抽出
OK IMEI一覧のIMEIがlicense_info.csvに含まれていません
OK license_info.csvのIMEIはIMEI一覧.csvに含まれていせん
OK 本番中端末.csvのIMEIのうち、IMEI一覧に含まれているものはlicense_infoに含まれていせん 
-----チェック終了-----
==========logic end==========
==========logic start==========
-----ファイル出力 開始-----
CSVファイル読込：C:\Users\sugaw\Documents\MakeIMEIListAndCheck\res\本番中端末(2136).csv
本番中端末.csvの不要カラムを除去
CSVファイル読込：C:\Users\sugaw\Documents\MakeIMEIListAndCheck\res\license_info.csv
出力ファイル作成
-----ファイル出力 完了-----
-----チェック 開始-----
CSVファイル読込：C:\Users\sugaw\Documents\MakeIMEIListAndCheck\output\IMEI一覧.csv
csvの内容からIMEIのみを抽出
CSVファイル読込：C:\Users\sugaw\Documents\MakeIMEIListAndCheck\res\本番中端末(2136).csv
csvの内容からIMEIのみを抽出
CSVファイル読込：C:\Users\sugaw\Documents\MakeIMEIListAndCheck\res\license_info.csv
csvの内容からIMEIのみを抽出
OK IMEI一覧のIMEIがlicense_info.csvに含まれていません
OK license_info.csvのIMEIはIMEI一覧.csvに含まれていせん
OK 本番中端末.csvのIMEIのうち、IMEI一覧に含まれているものはlicense_infoに含まれていせん 
-----チェック終了-----
==========logic end==========
==========logic start==========
-----ファイル出力 開始-----
CSVファイル読込：C:\Users\sugaw\Documents\MakeIMEIListAndCheck\res\本番中端末(2136).csv
本番中端末.csvの不要カラムを除去
CSVファイル読込：C:\Users\sugaw\Documents\MakeIMEIListAndCheck\res\license_info.csv
出力ファイル作成
-----ファイル出力 完了-----
-----チェック 開始-----
CSVファイル読込：C:\Users\sugaw\Documents\MakeIMEIListAndCheck\output\IMEI一覧.csv
csvの内容からIMEIのみを抽出
CSVファイル読込：C:\Users\sugaw\Documents\MakeIMEIListAndCheck\res\本番中端末(2136).csv
csvの内容からIMEIのみを抽出
CSVファイル読込：C:\Users\sugaw\Documents\MakeIMEIListAndCheck\res\license_info.csv
csvの内容からIMEIのみを抽出
OK IMEI一覧のIMEIがlicense_info.csvに含まれていません
OK license_info.csvのIMEIはIMEI一覧.csvに含まれていせん
OK 本番中端末.csvのIMEIのうち、IMEI一覧に含まれているものはlicense_infoに含まれていせん 
-----チェック終了-----
==========logic end==========
==========logic start==========
-----ファイル出力 開始-----
CSVファイル読込：C:\Users\sugaw\Documents\MakeIMEIListAndCheck\res\本番中端末(2136).csv
本番中端末.csvの不要カラムを除去
CSVファイル読込：C:\Users\sugaw\Documents\MakeIMEIListAndCheck\res\license_info.csv
出力ファイル作成
-----ファイル出力 完了-----
-----チェック 開始-----
CSVファイル読込：C:\Users\sugaw\Documents\MakeIMEIListAndCheck\output\IMEI一覧.csv
csvの内容からIMEIのみを抽出
CSVファイル読込：C:\Users\sugaw\Documents\MakeIMEIListAndCheck\res\本番中端末(2136).csv
csvの内容からIMEIのみを抽出
CSVファイル読込：C:\Users\sugaw\Documents\MakeIMEIListAndCheck\res\license_info.csv
csvの内容からIMEIのみを抽出
OK IMEI一覧のIMEIがlicense_info.csvに含まれていません
OK license_info.csvのIMEIはIMEI一覧.csvに含まれていせん
OK 本番中端末.csvのIMEIのうち、IMEI一覧に含まれているものはlicense_infoに含まれていせん 
-----チェック終了-----
==========logic end==========
